[10:27:48] [main/INFO]: Environment: authHost='https://authserver.mojang.com', accountsHost='https://api.mojang.com', sessionHost='https://sessionserver.mojang.com', name='PROD'
[10:27:48] [main/WARN]: Ambiguity between arguments [teleport, destination] and [teleport, targets] with inputs: [Player, 0123, @e, dd12be42-52a9-4a91-a8a1-11c01849e498]
[10:27:48] [main/WARN]: Ambiguity between arguments [teleport, location] and [teleport, destination] with inputs: [0.1 -0.5 .9, 0 0 0]
[10:27:48] [main/WARN]: Ambiguity between arguments [teleport, location] and [teleport, targets] with inputs: [0.1 -0.5 .9, 0 0 0]
[10:27:48] [main/WARN]: Ambiguity between arguments [teleport, targets] and [teleport, destination] with inputs: [Player, 0123, dd12be42-52a9-4a91-a8a1-11c01849e498]
[10:27:48] [main/WARN]: Ambiguity between arguments [teleport, targets, location] and [teleport, targets, destination] with inputs: [0.1 -0.5 .9, 0 0 0]
[10:27:48] [main/INFO]: Reloading ResourceManager: Default
[10:27:49] [Worker-Main-12/INFO]: Loaded 7 recipes
[10:27:49] [Worker-Main-12/INFO]: Loaded 927 advancements
[10:27:50] [Server thread/INFO]: Starting minecraft server version 1.16.3
[10:27:50] [Server thread/INFO]: Loading properties
[10:27:50] [Server thread/INFO]: Default game type: SURVIVAL
[10:27:50] [Server thread/INFO]: Generating keypair
[10:27:50] [Server console handler/ERROR]: Exception handling console input
java.io.IOException: The handle is invalid
	at java.io.FileInputStream.readBytes(Native Method) ~[?:?]
	at java.io.FileInputStream.read(FileInputStream.java:271) ~[?:?]
	at java.io.BufferedInputStream.read1(BufferedInputStream.java:282) ~[?:?]
	at java.io.BufferedInputStream.read(BufferedInputStream.java:343) ~[?:?]
	at sun.nio.cs.StreamDecoder.readBytes(StreamDecoder.java:297) ~[?:?]
	at sun.nio.cs.StreamDecoder.implRead(StreamDecoder.java:339) ~[?:?]
	at sun.nio.cs.StreamDecoder.read(StreamDecoder.java:188) ~[?:?]
	at java.io.InputStreamReader.read(InputStreamReader.java:181) ~[?:?]
	at java.io.BufferedReader.fill(BufferedReader.java:161) ~[?:?]
	at java.io.BufferedReader.readLine(BufferedReader.java:326) ~[?:?]
	at java.io.BufferedReader.readLine(BufferedReader.java:392) ~[?:?]
	at zg$1.run(SourceFile:89) [server.jar:?]
[10:27:50] [Server thread/INFO]: Starting Minecraft server on *:25565
[10:27:50] [Server thread/INFO]: Using default channel type
[10:27:51] [Server thread/INFO]: Preparing level "world"
[10:27:51] [Server thread/INFO]: Preparing start region for dimension minecraft:overworld
[10:27:52] [Server thread/INFO]: Preparing spawn area: 0%
[10:27:52] [Server thread/INFO]: Preparing spawn area: 0%
[10:27:52] [Server thread/INFO]: Preparing spawn area: 0%
[10:27:52] [Server thread/INFO]: Time elapsed: 1797 ms
[10:27:52] [Server thread/INFO]: Done (1.857s)! For help, type "help"
[10:40:42] [User Authenticator #1/INFO]: UUID of player harbingerguy is 0fd73981-3dff-4340-b5ea-86e1cbc65eff
[10:40:43] [Server thread/INFO]: harbingerguy[/127.0.0.1:65317] logged in with entity id 165 at (-127.1798266078635, 60.0, -149.53234635076893)
[10:40:43] [Server thread/INFO]: harbingerguy joined the game
[11:07:13] [Server thread/INFO]: harbingerguy has made the advancement [Enchanter]
[11:12:50] [Server thread/INFO]: harbingerguy lost connection: Disconnected
[11:12:50] [Server thread/INFO]: harbingerguy left the game
[11:12:54] [Server thread/INFO]: Saving the game (this may take a moment!)
[11:12:54] [Server thread/INFO]: Saved the game
[12:38:58] [User Authenticator #2/INFO]: UUID of player harbingerguy is 0fd73981-3dff-4340-b5ea-86e1cbc65eff
[12:38:59] [Server thread/INFO]: harbingerguy[/127.0.0.1:52303] logged in with entity id 3758 at (-132.90826857521355, 54.0, -150.47628951092474)
[12:38:59] [Server thread/INFO]: harbingerguy joined the game
[12:40:52] [User Authenticator #3/INFO]: UUID of player Burke57 is 2df0394f-00ea-4c55-a36e-13d8642f364a
[12:40:52] [Server thread/INFO]: Burke57[/108.206.106.150:65132] logged in with entity id 3958 at (-137.3937075221181, 54.0, -171.1114772401057)
[12:40:52] [Server thread/INFO]: Burke57 joined the game
[12:50:54] [Server thread/INFO]: <harbingerguy> nick
[12:50:59] [Server thread/INFO]: <Burke57> sup
[12:51:19] [Server thread/INFO]: <harbingerguy> remember that there is a dirt block on my room's roof - can use for quick entry
[12:51:32] [Server thread/INFO]: <Burke57> kk
[13:06:48] [Server thread/INFO]: Burke57 has made the advancement [The Parrots and the Bats]
[13:13:02] [Server thread/INFO]: <Burke57> oh ty
[13:13:12] [Server thread/INFO]: <harbingerguy> !
[13:13:23] [Server thread/INFO]: <Burke57> im chillin so im like back and forth afk
[13:13:32] [Server thread/INFO]: <harbingerguy> sa,e
[13:13:34] [Server thread/INFO]: <harbingerguy> same
[13:47:35] [Server thread/INFO]: Burke57 lost connection: Disconnected
[13:47:35] [Server thread/INFO]: Burke57 left the game
[18:13:03] [Server thread/WARN]: Can't keep up! Is the server overloaded? Running 1432380ms or 28647 ticks behind
[18:13:09] [Server thread/INFO]: harbingerguy lost connection: Timed out
[18:13:09] [Server thread/INFO]: harbingerguy left the game
[18:13:48] [Server thread/INFO]: com.mojang.authlib.GameProfile@4eca6469[id=<null>,name=harbingerguy,properties={},legacy=false] (/127.0.0.1:54187) lost connection: Disconnected
[18:13:59] [Server thread/INFO]: com.mojang.authlib.GameProfile@2cf018c9[id=<null>,name=harbingerguy,properties={},legacy=false] (/127.0.0.1:54225) lost connection: Disconnected
[18:14:24] [Server thread/INFO]: Saving the game (this may take a moment!)
[18:14:24] [Server thread/INFO]: Saved the game
[18:16:19] [User Authenticator #4/INFO]: UUID of player harbingerguy is 0fd73981-3dff-4340-b5ea-86e1cbc65eff
[18:16:19] [Server thread/INFO]: harbingerguy[/127.0.0.1:54444] logged in with entity id 35347 at (-127.77803267805564, 54.0, -150.1212493435464)
[18:16:19] [Server thread/INFO]: harbingerguy joined the game
[18:54:21] [User Authenticator #5/INFO]: UUID of player Serdnas is 54aa7dc3-728a-4a76-af03-52a769a6400b
[18:54:21] [Server thread/INFO]: Serdnas[/174.48.155.246:57281] logged in with entity id 38574 at (-138.947491757592, 54.5625, -153.95914303053902)
[18:54:21] [Server thread/INFO]: Serdnas joined the game
[18:54:32] [User Authenticator #6/INFO]: UUID of player D1ssonant_ is ddfbf77d-9320-42fe-8818-ae224fe7239e
[18:54:32] [Server thread/INFO]: D1ssonant_[/104.60.209.108:49869] logged in with entity id 38589 at (-122.01062051867815, 54.0625, -163.02075431769362)
[18:54:32] [Server thread/INFO]: D1ssonant_ joined the game
[18:54:33] [User Authenticator #7/INFO]: UUID of player Burke57 is 2df0394f-00ea-4c55-a36e-13d8642f364a
[18:54:33] [Server thread/INFO]: Burke57[/108.206.106.150:52236] logged in with entity id 38600 at (-141.5, 54.0, -173.5)
[18:54:33] [Server thread/INFO]: Burke57 joined the game
[19:09:20] [Server thread/INFO]: Serdnas lost connection: Disconnected
[19:09:20] [Server thread/INFO]: Serdnas left the game
[19:09:21] [Server thread/INFO]: D1ssonant_ lost connection: Disconnected
[19:09:21] [Server thread/INFO]: D1ssonant_ left the game
[19:09:25] [Server thread/INFO]: Burke57 lost connection: Disconnected
[19:09:25] [Server thread/INFO]: Burke57 left the game
[19:09:30] [User Authenticator #8/INFO]: UUID of player Serdnas is 54aa7dc3-728a-4a76-af03-52a769a6400b
[19:09:30] [Server thread/INFO]: Serdnas[/174.48.155.246:57330] logged in with entity id 42407 at (183.95674219406303, 62.0, -187.60953719957072)
[19:09:30] [Server thread/INFO]: Serdnas joined the game
[19:09:31] [User Authenticator #9/INFO]: UUID of player D1ssonant_ is ddfbf77d-9320-42fe-8818-ae224fe7239e
[19:09:31] [Server thread/INFO]: D1ssonant_[/104.60.209.108:50122] logged in with entity id 42528 at (181.30556721023325, 62.0, -188.66515956166094)
[19:09:31] [Server thread/INFO]: D1ssonant_ joined the game
[19:09:33] [User Authenticator #10/INFO]: UUID of player Burke57 is 2df0394f-00ea-4c55-a36e-13d8642f364a
[19:09:34] [Server thread/INFO]: Burke57[/108.206.106.150:52333] logged in with entity id 42571 at (-244.26314963041102, 70.0, -280.421347952576)
[19:09:34] [Server thread/INFO]: Burke57 joined the game
[19:09:37] [User Authenticator #11/INFO]: UUID of player SCSpider08 is 1f279036-752d-49f0-8e6e-fb3be9b34d19
[19:09:37] [Server thread/INFO]: SCSpider08[/75.57.102.71:58167] logged in with entity id 42678 at (-120.56537221630703, 55.0, -168.8284635758072)
[19:09:37] [Server thread/INFO]: SCSpider08 joined the game
[19:09:51] [User Authenticator #12/INFO]: UUID of player SpicyLarry is bb33a8d1-d317-4af3-be87-0d21ec7255e4
[19:09:51] [Server thread/INFO]: SpicyLarry[/99.61.47.22:54562] logged in with entity id 42729 at (-669.0178328276198, 66.5625, -379.1072202638498)
[19:09:51] [Server thread/INFO]: SpicyLarry joined the game
[19:10:04] [Server thread/INFO]: <SpicyLarry> o right
[19:10:26] [Server thread/INFO]: <SpicyLarry> im lost :(
[19:10:42] [Server thread/INFO]: <SpicyLarry> are my dogs ok
[19:11:09] [Server thread/INFO]: <harbingerguy> anyone level 20 yet?
[19:11:14] [Server thread/INFO]: <SpicyLarry> me
[19:11:25] [Server thread/INFO]: <harbingerguy> man
[19:11:32] [Server thread/INFO]: <harbingerguy> you're in casa del carajo though
[19:11:43] [Server thread/INFO]: <harbingerguy> need someone to spend 20 on silk touch
[19:12:46] [Server thread/INFO]: <SpicyLarry> nuchuku?
[19:13:18] [Server thread/INFO]: <SpicyLarry> yall got houses
[19:13:20] [Server thread/INFO]: <SpicyLarry> ?
[19:13:27] [Server thread/INFO]: <SpicyLarry> foken ell
[19:13:55] [Server thread/INFO]: <SpicyLarry> whose
[19:13:57] [Server thread/INFO]: <SpicyLarry> miencraft souds
[19:13:59] [Server thread/INFO]: <SpicyLarry> can yall
[19:14:00] [Server thread/INFO]: <SpicyLarry> ok
[19:14:16] [Server thread/INFO]: <SpicyLarry> you wont
[19:14:35] [Server thread/INFO]: <SpicyLarry> uh
[19:19:18] [Server thread/INFO]: <SpicyLarry> get red to sleep soon pls
[19:20:16] [Server thread/INFO]: <SpicyLarry> SLEEEP
[19:20:30] [Server thread/INFO]: <SpicyLarry> THE ZOMBIES ARE RAIDINGSORITNKLSNTKLWSTKLJ
[19:20:43] [Server thread/INFO]: D1ssonant_ lost connection: Disconnected
[19:20:43] [Server thread/INFO]: D1ssonant_ left the game
[19:20:44] [Server thread/INFO]: Serdnas lost connection: Disconnected
[19:20:44] [Server thread/INFO]: Serdnas left the game
[19:20:56] [User Authenticator #13/INFO]: UUID of player D1ssonant_ is ddfbf77d-9320-42fe-8818-ae224fe7239e
[19:20:56] [Server thread/INFO]: D1ssonant_[/104.60.209.108:50252] logged in with entity id 46644 at (118.7806262914039, 98.0, 174.95530473805076)
[19:20:56] [Server thread/INFO]: D1ssonant_ joined the game
[19:21:01] [User Authenticator #14/INFO]: UUID of player Serdnas is 54aa7dc3-728a-4a76-af03-52a769a6400b
[19:21:01] [Server thread/INFO]: Serdnas[/174.48.155.246:57361] logged in with entity id 46827 at (125.94738933755274, 98.0, 189.9937900097498)
[19:21:01] [Server thread/INFO]: Serdnas joined the game
[19:21:20] [Server thread/INFO]: <SpicyLarry> wer r yall
[19:21:23] [Server thread/INFO]: <SpicyLarry> andres
[19:21:31] [Server thread/INFO]: <SpicyLarry> and wer r torches
[19:21:39] [Server thread/INFO]: <SpicyLarry> UNDERGROUND?
[19:21:41] [Server thread/INFO]: <SpicyLarry> OVERWORLD?
[19:21:43] [Server thread/INFO]: <SpicyLarry> THEN OK
[19:22:11] [Server thread/INFO]: <SpicyLarry> this mofo
[19:22:14] [Server thread/INFO]: <SpicyLarry> took my bonemeal
[19:22:18] [Server thread/INFO]: <SpicyLarry> from the composter
[19:23:20] [Server thread/INFO]: <SpicyLarry> god
[19:23:22] [Server thread/INFO]: <SpicyLarry> patrick kys
[19:23:27] [Server thread/WARN]: Boat (vehicle of SpicyLarry) moved wrongly! 0.3736711641166721
[19:23:27] [Server thread/WARN]: Boat (vehicle of SpicyLarry) moved wrongly! 0.7471834024137252
[19:24:08] [Server thread/INFO]: <Serdnas> ./kick
[19:25:58] [Server thread/INFO]: <SpicyLarry> im scared
[19:26:18] [Server thread/INFO]: <SpicyLarry> chat
[19:27:19] [Server thread/WARN]: Burke57 moved too quickly! 5.234956132421672,0.0,-8.529297317251718
[19:28:01] [Server thread/INFO]: SpicyLarry has made the advancement [Tactical Fishing]
[19:28:09] [Server thread/INFO]: harbingerguy lost connection: Disconnected
[19:28:09] [Server thread/INFO]: harbingerguy left the game
[19:28:09] [Server thread/INFO]: <SpicyLarry> well
[19:28:35] [Server thread/WARN]: Can't keep up! Is the server overloaded? Running 2027ms or 40 ticks behind
[19:28:45] [Server thread/INFO]: <SpicyLarry> god
[19:28:46] [Server thread/INFO]: <SpicyLarry> i LOVE
[19:28:48] [Server thread/INFO]: <SpicyLarry> shaders
[19:29:02] [User Authenticator #15/INFO]: UUID of player harbingerguy is 0fd73981-3dff-4340-b5ea-86e1cbc65eff
[19:29:02] [Server thread/INFO]: harbingerguy[/127.0.0.1:56549] logged in with entity id 50675 at (-126.41580238969786, 54.0, -148.57933358349408)
[19:29:02] [Server thread/INFO]: harbingerguy joined the game
[19:29:03] [Server thread/INFO]: <SpicyLarry> jfc
[19:30:09] [Server thread/INFO]: <SpicyLarry> u know how to cure them?
[19:30:15] [Server thread/INFO]: <SpicyLarry> was it
[19:30:19] [Server thread/INFO]: <SpicyLarry> i thot it was gold apple
[19:30:35] [Server thread/INFO]: <SpicyLarry> idk
[19:31:03] [Server thread/INFO]: <SpicyLarry> i cant
[19:31:06] [Server thread/INFO]: <SpicyLarry> nor do we have to
[19:34:26] [Server thread/INFO]: <SpicyLarry> how is patrick
[19:34:33] [Server thread/INFO]: <SpicyLarry> is he still digging
[19:35:11] [Server thread/INFO]: harbingerguy burned to death
[19:35:19] [Server thread/INFO]: <SpicyLarry> did u?
[19:35:25] [Server thread/INFO]: <SpicyLarry> god
[19:35:28] [Server thread/INFO]: <SpicyLarry> kys patrick
[19:35:59] [Server thread/WARN]: Fetching packet for removed entity bcs['Iron Ingot'/53660, l='ServerLevel[world]', x=-20.70, y=53.00, z=-18.53]
[19:36:03] [Server thread/INFO]: <SpicyLarry> i hope so
[19:36:06] [Server thread/INFO]: Villager bfg['Mason'/42841, l='ServerLevel[world]', x=-653.30, y=94.00, z=-450.30] died, message: 'Mason was slain by Zombie'
[19:36:35] [Server thread/INFO]: <SpicyLarry> do u see mystery
[19:36:38] [Server thread/INFO]: <SpicyLarry> oh its dark
[19:37:00] [Server thread/INFO]: <SpicyLarry> on TOP?
[19:37:03] [Server thread/INFO]: <SpicyLarry> half of it yes
[19:37:54] [Server thread/INFO]: <SpicyLarry> coords?
[19:38:05] [Server thread/INFO]: <SpicyLarry> no wer they are
[19:43:40] [Server thread/INFO]: <SpicyLarry> pls
[19:45:10] [Server thread/INFO]: D1ssonant_ has made the advancement [Best Friends Forever]
[19:45:41] [Server thread/INFO]: <SpicyLarry> why do i keep hearing rezero sounds
[19:48:40] [Server thread/INFO]: <harbingerguy> -138
[19:48:43] [Server thread/INFO]: <harbingerguy> 54
[19:48:45] [Server thread/INFO]: <harbingerguy> -172
[19:49:16] [Server thread/INFO]: SpicyLarry has made the advancement [Diamonds!]
[19:51:17] [Server thread/INFO]: <SpicyLarry> THERE IT IS
[19:51:19] [Server thread/INFO]: <SpicyLarry> I HEARD
[19:51:23] [Server thread/INFO]: <SpicyLarry> THE FOKEN REZERO SOUND
[19:51:32] [Server thread/INFO]: <SpicyLarry> fok you
[19:51:36] [Server thread/INFO]: <SCSpider08> no its not lmao
[19:51:46] [Server thread/INFO]: <Serdnas> its olivers laptop
[19:51:48] [Server thread/INFO]: <SpicyLarry> does anybody else
[19:51:49] [Server thread/INFO]: <SpicyLarry> hear it
[19:51:51] [Server thread/INFO]: <SCSpider08> mine sounds like this
[19:51:53] [Server thread/INFO]: <SpicyLarry> holy shit im tilted
[19:52:00] [Server thread/INFO]: <SpicyLarry> nonono not that one
[19:52:07] [Server thread/INFO]: <SpicyLarry> its the chorus gasp
[19:52:15] [Server thread/INFO]: <SpicyLarry> YES
[19:52:17] [Server thread/INFO]: <SpicyLarry> FOK
[19:52:20] [Server thread/INFO]: <SpicyLarry> IM IN THE CAVES
[19:52:24] [Server thread/INFO]: <SpicyLarry> OLIVER
[19:52:28] [Server thread/INFO]: <SpicyLarry> CHANGE IT
[19:52:43] [Server thread/INFO]: <SpicyLarry> like
[19:52:45] [Server thread/INFO]: <SpicyLarry> is that ringtone
[19:52:52] [Server thread/INFO]: <SpicyLarry> happen to sound like rezero
[19:52:55] [Server thread/INFO]: <SpicyLarry> relly
[19:52:57] [Server thread/INFO]: <SpicyLarry> shiiiit
[19:53:12] [Server thread/INFO]: <SpicyLarry> gonna file a lawsuit
[19:53:26] [Server thread/INFO]: <SpicyLarry> for mental scarring
[19:55:17] [Server thread/INFO]: <SpicyLarry> did yall confirm
[19:55:22] [Server thread/INFO]: <SpicyLarry> if u went to my village
[19:55:25] [Server thread/INFO]: <Serdnas> it wasnt
[19:55:28] [Server thread/INFO]: <SpicyLarry> rip
[19:55:28] [Server thread/INFO]: <Serdnas> no horse
[19:55:30] [Server thread/INFO]: D1ssonant_ fell from a high place
[19:55:34] [Server thread/INFO]: <SpicyLarry> OM
[19:55:43] [Server thread/INFO]: <SpicyLarry> ahh fok
[19:55:47] [Server thread/INFO]: <SpicyLarry> the village is infested
[19:56:20] [Server thread/INFO]: <SpicyLarry> yall wanna sleep
[19:56:24] [Server thread/INFO]: <SpicyLarry> i dc
[19:56:27] [Server thread/INFO]: <SpicyLarry> .
[19:56:47] [Server thread/INFO]: <SCSpider08> i sleep
[19:56:52] [Server thread/INFO]: Serdnas lost connection: Disconnected
[19:56:52] [Server thread/INFO]: Serdnas left the game
[19:56:54] [Server thread/INFO]: SpicyLarry lost connection: Disconnected
[19:56:54] [Server thread/INFO]: SpicyLarry left the game
[19:56:59] [Server thread/INFO]: harbingerguy lost connection: Disconnected
[19:56:59] [Server thread/INFO]: harbingerguy left the game
[19:57:13] [User Authenticator #16/INFO]: UUID of player harbingerguy is 0fd73981-3dff-4340-b5ea-86e1cbc65eff
[19:57:13] [Server thread/INFO]: harbingerguy[/127.0.0.1:57285] logged in with entity id 64879 at (-382.8092164323817, 63.0, -326.83688501870637)
[19:57:13] [Server thread/INFO]: harbingerguy joined the game
[19:57:26] [User Authenticator #17/INFO]: UUID of player SpicyLarry is bb33a8d1-d317-4af3-be87-0d21ec7255e4
[19:57:27] [Server thread/INFO]: SpicyLarry[/99.61.47.22:55026] logged in with entity id 65071 at (-585.2687244615734, 56.0, -473.1020236745428)
[19:57:27] [Server thread/INFO]: SpicyLarry joined the game
[19:57:31] [User Authenticator #18/INFO]: UUID of player Serdnas is 54aa7dc3-728a-4a76-af03-52a769a6400b
[19:57:31] [Server thread/INFO]: Serdnas[/174.48.155.246:57487] logged in with entity id 65264 at (-42.30000001192093, 75.0, 156.82548150581178)
[19:57:31] [Server thread/INFO]: Serdnas joined the game
[19:57:53] [Server thread/INFO]: <SpicyLarry> i love this area the village is in tho
[19:57:58] [Server thread/INFO]: <SpicyLarry> redstone lamp
[19:58:39] [Server thread/INFO]: <SpicyLarry> time to make my chicken cannon
[19:58:52] [Server thread/INFO]: <SpicyLarry> uh nick
[19:59:07] [Server thread/INFO]: <SpicyLarry> did he take ur bed
[19:59:39] [Server thread/INFO]: <SpicyLarry> im sorry
[19:59:40] [Server thread/INFO]: <SpicyLarry> whose house
[20:00:01] [Server thread/INFO]: <SpicyLarry> YO
[20:00:06] [Server thread/INFO]: <SpicyLarry> imma kill this villager
[20:00:10] [Server thread/INFO]: <SpicyLarry> foken took my bonemeal again
[20:00:55] [Server thread/INFO]: <SpicyLarry> it aint much
[20:00:58] [Server thread/INFO]: <SpicyLarry> but its honest work
[20:01:07] [Server thread/INFO]: <SpicyLarry> as i slaughter all the cows
[20:02:09] [Server thread/INFO]: <SpicyLarry> boi
[20:02:13] [Server thread/INFO]: <SpicyLarry> i will
[20:02:16] [Server thread/INFO]: <SpicyLarry> walk all the way over
[20:02:21] [Server thread/INFO]: <SpicyLarry> to kill you patrick
[20:06:52] [Server thread/INFO]: <SpicyLarry> did u remember maps tho
[20:07:00] [Server thread/INFO]: <SpicyLarry> how make
[20:08:02] [Server thread/INFO]: <SpicyLarry> SLEEP
[20:08:24] [Server thread/INFO]: <Serdnas> i sleep
[20:08:25] [Server thread/INFO]: <SpicyLarry> ooo
[20:08:27] [Server thread/INFO]: <SpicyLarry> i sleep
[20:08:33] [Server thread/INFO]: <Serdnas> um
[20:08:39] [Server thread/INFO]: <SpicyLarry> HURRY
[20:08:42] [Server thread/INFO]: <SpicyLarry> THEY"RE KNOCKING
[20:08:47] [Server thread/INFO]: <Serdnas> that wasnt em
[20:08:47] [Server thread/INFO]: <SpicyLarry> SRLKJWSEKLBLTKBSKLR
[20:08:50] [Server thread/INFO]: <Serdnas> i sleep
[20:09:08] [Server thread/INFO]: <SCSpider08> yes
[20:09:12] [Server thread/INFO]: <SpicyLarry> boi
[20:09:42] [Server thread/INFO]: <Serdnas> im going to make a name tag
[20:10:05] [Server thread/INFO]: <SpicyLarry> HOW COMPASS
[20:10:13] [Server thread/INFO]: <Serdnas> jk cant make name tag
[20:12:48] [Server thread/INFO]: <Serdnas> i need paper
[20:12:55] [Server thread/INFO]: <SpicyLarry> donde esta
[20:13:10] [Server thread/INFO]: <Serdnas> MAP + WHAT
[20:13:16] [Server thread/INFO]: <SpicyLarry> WHAT NICK
[20:14:23] [Server thread/INFO]: <Serdnas> PAPEERRRR
[20:14:29] [Server thread/INFO]: <SpicyLarry> PAPPEL
[20:15:08] [Server thread/INFO]: <Serdnas> JUST GIVE ME PAPER
[20:15:21] [Server thread/INFO]: <SpicyLarry> :O
[20:16:55] [Server thread/INFO]: <SpicyLarry> .
[20:17:57] [Server thread/INFO]: <SpicyLarry> compass points where
[20:18:00] [Server thread/INFO]: <SpicyLarry> to spawn or respawn
[20:18:32] [Server thread/INFO]: <Serdnas> uh sure
[20:18:36] [Server thread/INFO]: <Serdnas> let me get ready
[20:18:47] [Server thread/INFO]: <Serdnas> a what
[20:19:23] [Server thread/INFO]: <SpicyLarry> uh
[20:19:25] [Server thread/INFO]: <SpicyLarry> wat is netherite
[20:19:36] [Server thread/INFO]: <SpicyLarry> uh huh
[20:19:42] [Server thread/INFO]: <SpicyLarry> i wanna get ready for that
[20:19:50] [Server thread/INFO]: <SpicyLarry> wat happens if i make a portal
[20:19:52] [Server thread/INFO]: <SpicyLarry> here
[20:20:05] [Server thread/INFO]: <SpicyLarry> mmm
[20:20:05] [Server thread/INFO]: <Serdnas> ok i red
[20:20:10] [Server thread/INFO]: <SpicyLarry> sleep
[20:20:15] [Server thread/INFO]: <Serdnas> ye
[20:20:23] [Server thread/INFO]: <SpicyLarry> well
[20:20:26] [Server thread/INFO]: <SpicyLarry> should i try
[20:21:27] [Server thread/INFO]: <Serdnas> where u at
[20:22:25] [Server thread/INFO]: <Serdnas> oof
[20:22:43] [Server thread/INFO]: <Serdnas> not good
[20:22:45] [Server thread/INFO]: <Serdnas> got it
[20:23:15] [Server thread/INFO]: <Serdnas> FUCKING awesome
[20:23:28] [Server thread/INFO]: <Serdnas> bailey
[20:23:30] [Server thread/INFO]: <Serdnas> my heart
[20:23:58] [Server thread/INFO]: <Serdnas> bailey
[20:24:02] [Server thread/INFO]: <Serdnas> i was so scared
[20:24:23] [Server thread/INFO]: <SCSpider08> guys. what enemy glows purple
[20:24:29] [Server thread/INFO]: <harbingerguy> your mom
[20:24:34] [Server thread/INFO]: <Serdnas> if you walk out through the double doors
[20:24:40] [Server thread/INFO]: <Serdnas> just keep going that direction
[20:24:50] [Server thread/INFO]: <Serdnas> lets back track for nick
[20:25:00] [Server thread/INFO]: <SCSpider08> what monster sound like a stomach growling?
[20:25:06] [Server thread/INFO]: <SpicyLarry> like in real life
[20:25:06] [Server thread/INFO]: <Serdnas> yo mama
[20:25:15] [Server thread/INFO]: <SCSpider08> im scared
[20:25:24] [Server thread/INFO]: <SCSpider08> to keep digging
[20:25:25] [Server thread/INFO]: <SpicyLarry> wat bee give
[20:25:54] [Server thread/INFO]: <SpicyLarry> uh
[20:25:57] [Server thread/INFO]: <SpicyLarry> does it involve
[20:25:58] [Server thread/INFO]: <SpicyLarry> a lead
[20:26:44] [Server thread/INFO]: <Serdnas> im jumping
[20:27:04] [Server thread/INFO]: <Serdnas> nope
[20:27:36] [Server thread/INFO]: <Serdnas> bailey where are you
[20:27:58] [Server thread/INFO]: <Serdnas> o
[20:28:15] [Server thread/INFO]: <Serdnas> careful ahead theres a ravine i almost died in
[20:28:25] [Server thread/INFO]: <SpicyLarry> i think so
[20:28:31] [Server thread/INFO]: <SpicyLarry> its a nice area
[20:28:36] [Server thread/INFO]: <Serdnas> or visit
[20:28:37] [Server thread/INFO]: <SpicyLarry> ill try
[20:28:48] [Server thread/INFO]: <SpicyLarry> probly not today
[20:28:55] [Server thread/INFO]: <SpicyLarry> but when you need that elite team
[20:28:57] [Server thread/INFO]: <SpicyLarry> ill be there
[20:29:04] [Server thread/INFO]: <Serdnas> 'elite'
[20:29:08] [Server thread/INFO]: <SpicyLarry> .;
[20:30:43] [Server thread/INFO]: <Serdnas> what nick said
[20:30:53] [Server thread/INFO]: <Serdnas> NO WAY
[20:31:09] [Server thread/INFO]: <Serdnas> but it was so hard to find
[20:31:16] [Server thread/INFO]: <Serdnas> wait
[20:31:27] [Server thread/INFO]: Burke57 fell from a high place
[20:31:30] [Server thread/INFO]: <SpicyLarry> suns setting real low
[20:31:49] [Server thread/INFO]: SpicyLarry lost connection: Disconnected
[20:31:49] [Server thread/INFO]: SpicyLarry left the game
[20:31:51] [Server thread/INFO]: D1ssonant_ lost connection: Disconnected
[20:31:51] [Server thread/INFO]: D1ssonant_ left the game
[20:31:51] [Server thread/INFO]: Serdnas lost connection: Disconnected
[20:31:51] [Server thread/INFO]: Serdnas left the game
[20:32:19] [Server thread/INFO]: <SCSpider08> yes
[20:32:24] [Server thread/INFO]: harbingerguy lost connection: Disconnected
[20:32:24] [Server thread/INFO]: harbingerguy left the game
[20:32:30] [User Authenticator #19/INFO]: UUID of player harbingerguy is 0fd73981-3dff-4340-b5ea-86e1cbc65eff
[20:32:30] [Server thread/INFO]: harbingerguy[/127.0.0.1:58279] logged in with entity id 77648 at (-9.30000001192083, 63.0, 412.56145644886135)
[20:32:30] [Server thread/INFO]: harbingerguy joined the game
[20:32:30] [User Authenticator #20/INFO]: UUID of player SpicyLarry is bb33a8d1-d317-4af3-be87-0d21ec7255e4
[20:32:30] [Server thread/INFO]: SpicyLarry[/99.61.47.22:55481] logged in with entity id 77662 at (-1266.1204466841873, 63.0, -365.0945852855451)
[20:32:30] [Server thread/INFO]: SpicyLarry joined the game
[20:32:32] [User Authenticator #21/INFO]: UUID of player D1ssonant_ is ddfbf77d-9320-42fe-8818-ae224fe7239e
[20:32:32] [User Authenticator #22/INFO]: UUID of player Serdnas is 54aa7dc3-728a-4a76-af03-52a769a6400b
[20:32:32] [Server thread/INFO]: D1ssonant_[/104.60.209.108:51469] logged in with entity id 78001 at (-301.2389658574881, 75.0, 428.0832009749675)
[20:32:32] [Server thread/INFO]: D1ssonant_ joined the game
[20:32:32] [Server thread/INFO]: Serdnas[/174.48.155.246:57879] logged in with entity id 78004 at (-300.3315524893525, 75.0, 429.64886975324)
[20:32:32] [Server thread/INFO]: Serdnas joined the game
[20:32:34] [Server thread/INFO]: <SCSpider08> secret tunnel
[20:32:42] [Server thread/INFO]: <SpicyLarry> bro
[20:32:45] [Server thread/INFO]: <SpicyLarry> is he still digging
[20:33:18] [Server thread/INFO]: <Serdnas> wait
[20:33:21] [Server thread/INFO]: <Serdnas> did nick die
[20:33:40] [Server thread/INFO]: <Serdnas> hmm
[20:33:42] [Server thread/INFO]: <Serdnas> im lost
[20:33:52] [Server thread/INFO]: <Serdnas> wait
[20:33:56] [Server thread/INFO]: <Serdnas> we are here
[20:34:04] [Server thread/INFO]: <Serdnas> i see the fox
[20:35:12] [Server thread/INFO]: <Serdnas> idk
[20:35:35] [Server thread/WARN]: Mismatch in destroy block pos: fx{x=-1318, y=65, z=-209} fx{x=-1318, y=63, z=-211}
[20:35:35] [Server thread/WARN]: Mismatch in destroy block pos: fx{x=-1318, y=65, z=-209} fx{x=-1318, y=63, z=-211}
[20:35:36] [Server thread/WARN]: Mismatch in destroy block pos: fx{x=-1318, y=65, z=-209} fx{x=-1318, y=63, z=-211}
[20:36:20] [Server thread/INFO]: <Serdnas> this is
[20:36:21] [Server thread/INFO]: <Serdnas> cool
[20:36:52] [Server thread/WARN]: harbingerguy moved too quickly! 6.1413792935706155,-2.837858578972998,-7.524911299309679
[20:36:52] [Server thread/WARN]: Can't keep up! Is the server overloaded? Running 2711ms or 54 ticks behind
[20:36:56] [Server thread/INFO]: <Serdnas> its more left than the direction i had you guys go
[20:37:14] [Server thread/INFO]: <Serdnas> do we wanna try and find them
[20:38:37] [Server thread/INFO]: <SpicyLarry> wait
[20:38:38] [Server thread/INFO]: <SpicyLarry> tf
[20:38:42] [Server thread/INFO]: <SpicyLarry> i also found a witch's hut
[20:39:25] [Server thread/INFO]: <Serdnas> right
[20:39:39] [Server thread/INFO]: <Serdnas> taishi
[20:39:44] [Server thread/INFO]: <SpicyLarry> NO
[20:39:44] [Server thread/INFO]: <Serdnas> what are your coords
[20:39:45] [Server thread/INFO]: <SpicyLarry> FIDO
[20:40:06] [Server thread/INFO]: <Serdnas> its
[20:40:07] [Server thread/INFO]: <Serdnas> cool
[20:40:25] [Server thread/INFO]: <SpicyLarry> -1166, 68, 69
[20:41:12] [Server thread/INFO]: <Serdnas> the elusive sand
[20:41:39] [Server thread/INFO]: <Serdnas> sand is hard to find
[20:41:55] [Server thread/WARN]: Can't keep up! Is the server overloaded? Running 2628ms or 52 ticks behind
[20:43:17] [Server thread/INFO]: <SpicyLarry> same
[20:44:06] [Server thread/WARN]: Can't keep up! Is the server overloaded? Running 2004ms or 40 ticks behind
[20:44:23] [Server thread/WARN]: Can't keep up! Is the server overloaded? Running 2613ms or 52 ticks behind
[20:44:42] [Server thread/WARN]: Can't keep up! Is the server overloaded? Running 3183ms or 63 ticks behind
[20:45:00] [Server thread/INFO]: <SpicyLarry> i think my dogs are permanently invisible
[20:45:00] [Server thread/WARN]: Can't keep up! Is the server overloaded? Running 3158ms or 63 ticks behind
[20:45:18] [Server thread/WARN]: Can't keep up! Is the server overloaded? Running 3488ms or 69 ticks behind
[20:45:19] [Server thread/INFO]: <SpicyLarry> o
[20:45:38] [Server thread/WARN]: Can't keep up! Is the server overloaded? Running 2011ms or 40 ticks behind
[20:45:59] [Server thread/INFO]: <SpicyLarry> that wasnt it
[20:46:00] [Server thread/WARN]: Can't keep up! Is the server overloaded? Running 7332ms or 146 ticks behind
[20:46:02] [Server thread/INFO]: <SpicyLarry> oh
[20:46:11] [Server thread/INFO]: <SCSpider08> i sleep
[20:46:17] [Server thread/INFO]: SpicyLarry lost connection: Disconnected
[20:46:17] [Server thread/INFO]: SpicyLarry left the game
[20:46:18] [Server thread/INFO]: Burke57 lost connection: Disconnected
[20:46:18] [Server thread/INFO]: Burke57 left the game
[20:46:18] [Server thread/INFO]: Serdnas lost connection: Disconnected
[20:46:18] [Server thread/INFO]: Serdnas left the game
[20:46:20] [Server thread/INFO]: D1ssonant_ lost connection: Disconnected
[20:46:20] [Server thread/INFO]: D1ssonant_ left the game
[20:46:21] [Server thread/INFO]: harbingerguy lost connection: Disconnected
[20:46:21] [Server thread/INFO]: harbingerguy left the game
[20:46:26] [Server thread/WARN]: Can't keep up! Is the server overloaded? Running 10879ms or 217 ticks behind
[20:46:38] [User Authenticator #23/INFO]: UUID of player Serdnas is 54aa7dc3-728a-4a76-af03-52a769a6400b
[20:46:39] [Server thread/INFO]: Serdnas[/174.48.155.246:57988] logged in with entity id 89764 at (3.6517155282343827, 82.9375, 531.1691291556734)
[20:46:39] [Server thread/INFO]: Serdnas joined the game
[20:46:42] [User Authenticator #24/INFO]: UUID of player harbingerguy is 0fd73981-3dff-4340-b5ea-86e1cbc65eff
[20:46:42] [Server thread/INFO]: harbingerguy[/127.0.0.1:58654] logged in with entity id 89952 at (-228.34469686125968, 88.0, 1027.9956420020844)
[20:46:42] [Server thread/INFO]: harbingerguy joined the game
[20:46:45] [User Authenticator #25/INFO]: UUID of player SpicyLarry is bb33a8d1-d317-4af3-be87-0d21ec7255e4
[20:46:45] [Server thread/INFO]: SpicyLarry[/99.61.47.22:55552] logged in with entity id 90080 at (-1168.362009803479, 89.0, 405.30000001192093)
[20:46:45] [Server thread/INFO]: SpicyLarry joined the game
[20:47:04] [Server thread/INFO]: <Serdnas> yeah
[20:47:13] [User Authenticator #26/INFO]: UUID of player Burke57 is 2df0394f-00ea-4c55-a36e-13d8642f364a
[20:47:14] [Server thread/INFO]: Burke57[/108.206.106.150:52951] logged in with entity id 90558 at (553.6369456110401, 64.0, 1445.4189942514745)
[20:47:14] [Server thread/INFO]: Burke57 joined the game
[20:47:16] [Server thread/INFO]: <Serdnas> garbage
[20:47:27] [Server thread/INFO]: <Serdnas> do your eyes hurt nick
[20:47:31] [User Authenticator #27/INFO]: UUID of player D1ssonant_ is ddfbf77d-9320-42fe-8818-ae224fe7239e
[20:47:32] [Server thread/WARN]: SpicyLarry moved too quickly! 2.336998520809402,0.0,-9.855612444969324
[20:47:32] [Server thread/WARN]: Can't keep up! Is the server overloaded? Running 2261ms or 45 ticks behind
[20:47:32] [Server thread/INFO]: D1ssonant_[/104.60.209.108:51749] logged in with entity id 90967 at (2.715690589376597, 84.9375, 555.694334709588)
[20:47:32] [Server thread/INFO]: D1ssonant_ joined the game
[20:47:34] [Server thread/INFO]: <Serdnas> im eh about it
[20:47:43] [Server thread/INFO]: <Serdnas> ^
[20:47:51] [Server thread/INFO]: <Serdnas> yeah
[20:47:52] [Server thread/WARN]: Can't keep up! Is the server overloaded? Running 5408ms or 108 ticks behind
[20:47:54] [Server thread/INFO]: <Serdnas> i can come back
[20:47:58] [Server thread/INFO]: <SpicyLarry> WAT
[20:48:17] [Server thread/WARN]: Can't keep up! Is the server overloaded? Running 2016ms or 40 ticks behind
[20:49:08] [Server thread/WARN]: Can't keep up! Is the server overloaded? Running 2013ms or 40 ticks behind
[20:49:09] [Server thread/INFO]: harbingerguy lost connection: Disconnected
[20:49:09] [Server thread/INFO]: harbingerguy left the game
[20:49:15] [Server thread/INFO]: <Serdnas> oh there she is
[20:49:27] [Server thread/INFO]: <Serdnas> same
[20:49:41] [Server thread/INFO]: <Serdnas> did you see hearts
[20:49:48] [Server thread/INFO]: <Serdnas> is there red collar
[20:50:05] [Server thread/INFO]: <Serdnas> wait
[20:50:08] [Server thread/INFO]: <Serdnas> can you make sit
[20:50:22] [Server thread/INFO]: <Serdnas> then its yours
[20:51:07] [Server thread/INFO]: <Serdnas> nick and olive
[20:51:30] [Server thread/INFO]: <Serdnas> no the chest oliver made with your stuff
[20:51:47] [Server thread/INFO]: <Serdnas> wtf nick
[20:51:54] [Server thread/INFO]: <Serdnas> clearly
[20:52:43] [Server thread/WARN]: SpicyLarry moved too quickly! -5.737000586873364,0.0,-8.329191033386223
[20:52:43] [Server thread/WARN]: Can't keep up! Is the server overloaded? Running 2120ms or 42 ticks behind
[20:52:52] [Server thread/INFO]: <Serdnas> oof a little lag
[20:52:58] [Server thread/INFO]: <SpicyLarry> felt it
[20:53:43] [Server thread/INFO]: <Serdnas> pece
[20:53:47] [Server thread/INFO]: <SpicyLarry> pece
[20:53:52] [Server thread/INFO]: <Serdnas> fuck that guy
[20:53:57] [Server thread/INFO]: Unknown command or insufficient permissions
[20:53:59] [Server thread/INFO]: /advancement (grant|revoke)
[20:53:59] [Server thread/INFO]: /attribute <target> <attribute> (base|get|modifier)
[20:53:59] [Server thread/INFO]: /ban <targets> [<reason>]
[20:53:59] [Server thread/INFO]: /ban-ip <target> [<reason>]
[20:53:59] [Server thread/INFO]: /banlist [ips|players]
[20:53:59] [Server thread/INFO]: /bossbar (add|get|list|remove|set)
[20:53:59] [Server thread/INFO]: /clear [<targets>]
[20:53:59] [Server thread/INFO]: /clone <begin> <end> <destination> [filtered|masked|replace]
[20:53:59] [Server thread/INFO]: /data (get|merge|modify|remove)
[20:53:59] [Server thread/INFO]: /datapack (disable|enable|list)
[20:53:59] [Server thread/INFO]: /debug (report|start|stop)
[20:53:59] [Server thread/INFO]: /defaultgamemode (adventure|creative|spectator|survival)
[20:53:59] [Server thread/INFO]: /deop <targets>
[20:53:59] [Server thread/INFO]: /difficulty [easy|hard|normal|peaceful]
[20:53:59] [Server thread/INFO]: /effect (clear|give)
[20:53:59] [Server thread/INFO]: /enchant <targets> <enchantment> [<level>]
[20:53:59] [Server thread/INFO]: /execute (align|anchored|as|at|facing|if|in|positioned|rotated|run|store|unless)
[20:53:59] [Server thread/INFO]: /experience (add|query|set)
[20:53:59] [Server thread/INFO]: /fill <from> <to> <block> [destroy|hollow|keep|outline|replace]
[20:53:59] [Server thread/INFO]: /forceload (add|query|remove)
[20:53:59] [Server thread/INFO]: /function <name>
[20:53:59] [Server thread/INFO]: /gamemode (adventure|creative|spectator|survival)
[20:53:59] [Server thread/INFO]: /gamerule (announceAdvancements|commandBlockOutput|disableElytraMovementCheck|disableRaids|doDaylightCycle|doEntityDrops|doFireTick|doImmediateRespawn|doInsomnia|doLimitedCrafting|doMobLoot|doMobSpawning|doPatrolSpawning|doTileDrops|doTraderSpawning|doWeatherCycle|drowningDamage|fallDamage|fireDamage|forgiveDeadPlayers|keepInventory|logAdminCommands|maxCommandChainLength|maxEntityCramming|mobGriefing|naturalRegeneration|randomTickSpeed|reducedDebugInfo|sendCommandFeedback|showDeathMessages|spawnRadius|spectatorsGenerateChunks|universalAnger)
[20:53:59] [Server thread/INFO]: /give <targets> <item> [<count>]
[20:53:59] [Server thread/INFO]: /help [<command>]
[20:53:59] [Server thread/INFO]: /kick <targets> [<reason>]
[20:53:59] [Server thread/INFO]: /kill [<targets>]
[20:53:59] [Server thread/INFO]: /list [uuids]
[20:53:59] [Server thread/INFO]: /locate (bastion_remnant|buried_treasure|desert_pyramid|endcity|fortress|igloo|jungle_pyramid|mansion|mineshaft|monument|nether_fossil|ocean_ruin|pillager_outpost|ruined_portal|shipwreck|stronghold|swamp_hut|village)
[20:53:59] [Server thread/INFO]: /locatebiome <biome>
[20:53:59] [Server thread/INFO]: /loot (give|insert|replace|spawn)
[20:53:59] [Server thread/INFO]: /me <action>
[20:53:59] [Server thread/INFO]: /msg <targets> <message>
[20:53:59] [Server thread/INFO]: /op <targets>
[20:53:59] [Server thread/INFO]: /pardon <targets>
[20:53:59] [Server thread/INFO]: /pardon-ip <target>
[20:53:59] [Server thread/INFO]: /particle <name> [<pos>]
[20:53:59] [Server thread/INFO]: /playsound <sound> (ambient|block|hostile|master|music|neutral|player|record|voice|weather)
[20:53:59] [Server thread/INFO]: /recipe (give|take)
[20:53:59] [Server thread/INFO]: /reload
[20:53:59] [Server thread/INFO]: /replaceitem (block|entity)
[20:53:59] [Server thread/INFO]: /save-all [flush]
[20:53:59] [Server thread/INFO]: /save-off
[20:53:59] [Server thread/INFO]: /save-on
[20:53:59] [Server thread/INFO]: /say <message>
[20:53:59] [Server thread/INFO]: /schedule (clear|function)
[20:53:59] [Server thread/INFO]: /scoreboard (objectives|players)
[20:53:59] [Server thread/INFO]: /seed
[20:53:59] [Server thread/INFO]: /setblock <pos> <block> [destroy|keep|replace]
[20:53:59] [Server thread/INFO]: /setidletimeout <minutes>
[20:53:59] [Server thread/INFO]: /setworldspawn [<pos>]
[20:53:59] [Server thread/INFO]: /spawnpoint [<targets>]
[20:53:59] [Server thread/INFO]: /spectate [<target>]
[20:53:59] [Server thread/INFO]: /spreadplayers <center> <spreadDistance> <maxRange> (under|<respectTeams>)
[20:53:59] [Server thread/INFO]: /stop
[20:53:59] [Server thread/INFO]: /stopsound <targets> [*|ambient|block|hostile|master|music|neutral|player|record|voice|weather]
[20:53:59] [Server thread/INFO]: /summon <entity> [<pos>]
[20:53:59] [Server thread/INFO]: /tag <targets> (add|list|remove)
[20:53:59] [Server thread/INFO]: /team (add|empty|join|leave|list|modify|remove)
[20:53:59] [Server thread/INFO]: /teammsg <message>
[20:53:59] [Server thread/INFO]: /teleport (<destination>|<location>|<targets>)
[20:53:59] [Server thread/INFO]: /tell -> msg
[20:53:59] [Server thread/INFO]: /tellraw <targets> <message>
[20:53:59] [Server thread/INFO]: /time (add|query|set)
[20:53:59] [Server thread/INFO]: /title <targets> (actionbar|clear|reset|subtitle|times|title)
[20:53:59] [Server thread/INFO]: /tm -> teammsg
[20:53:59] [Server thread/INFO]: /tp -> teleport
[20:53:59] [Server thread/INFO]: /trigger <objective> [add|set]
[20:53:59] [Server thread/INFO]: /w -> msg
[20:53:59] [Server thread/INFO]: /weather (clear|rain|thunder)
[20:53:59] [Server thread/INFO]: /whitelist (add|list|off|on|reload|remove)
[20:53:59] [Server thread/INFO]: /worldborder (add|center|damage|get|set|warning)
[20:53:59] [Server thread/INFO]: /xp -> experience
[20:54:08] [Server thread/INFO]: Serdnas lost connection: Disconnected
[20:54:08] [Server thread/INFO]: Serdnas left the game
[20:54:08] [Server thread/INFO]: Kicked Serdnas: Kicked by an operator
[20:54:08] [Server thread/WARN]: handleDisconnection() called twice
[20:54:15] [User Authenticator #28/INFO]: UUID of player Serdnas is 54aa7dc3-728a-4a76-af03-52a769a6400b
[20:54:15] [Server thread/INFO]: Serdnas[/174.48.155.246:58035] logged in with entity id 98839 at (-156.24916703248695, 78.0, -85.41596177364274)
[20:54:15] [Server thread/INFO]: Serdnas joined the game
[20:54:21] [Server thread/INFO]: <SpicyLarry> welcome back
[20:54:24] [Server thread/INFO]: <Serdnas> oliver kicked me
[20:54:28] [Server thread/INFO]: Unknown or incomplete command, see below for error
[20:54:28] [Server thread/INFO]: (:<--[HERE]
[20:54:32] [Server thread/INFO]: <Serdnas> this is why i want to be god
[20:54:32] [Server thread/INFO]: /advancement (grant|revoke)
[20:54:32] [Server thread/INFO]: /attribute <target> <attribute> (base|get|modifier)
[20:54:32] [Server thread/INFO]: /ban <targets> [<reason>]
[20:54:32] [Server thread/INFO]: /ban-ip <target> [<reason>]
[20:54:32] [Server thread/INFO]: /banlist [ips|players]
[20:54:32] [Server thread/INFO]: /bossbar (add|get|list|remove|set)
[20:54:32] [Server thread/INFO]: /clear [<targets>]
[20:54:32] [Server thread/INFO]: /clone <begin> <end> <destination> [filtered|masked|replace]
[20:54:32] [Server thread/INFO]: /data (get|merge|modify|remove)
[20:54:32] [Server thread/INFO]: /datapack (disable|enable|list)
[20:54:32] [Server thread/INFO]: /debug (report|start|stop)
[20:54:32] [Server thread/INFO]: /defaultgamemode (adventure|creative|spectator|survival)
[20:54:32] [Server thread/INFO]: /deop <targets>
[20:54:32] [Server thread/INFO]: /difficulty [easy|hard|normal|peaceful]
[20:54:32] [Server thread/INFO]: /effect (clear|give)
[20:54:32] [Server thread/INFO]: /enchant <targets> <enchantment> [<level>]
[20:54:32] [Server thread/INFO]: /execute (align|anchored|as|at|facing|if|in|positioned|rotated|run|store|unless)
[20:54:32] [Server thread/INFO]: /experience (add|query|set)
[20:54:32] [Server thread/INFO]: /fill <from> <to> <block> [destroy|hollow|keep|outline|replace]
[20:54:32] [Server thread/INFO]: /forceload (add|query|remove)
[20:54:32] [Server thread/INFO]: /function <name>
[20:54:32] [Server thread/INFO]: /gamemode (adventure|creative|spectator|survival)
[20:54:32] [Server thread/INFO]: /gamerule (announceAdvancements|commandBlockOutput|disableElytraMovementCheck|disableRaids|doDaylightCycle|doEntityDrops|doFireTick|doImmediateRespawn|doInsomnia|doLimitedCrafting|doMobLoot|doMobSpawning|doPatrolSpawning|doTileDrops|doTraderSpawning|doWeatherCycle|drowningDamage|fallDamage|fireDamage|forgiveDeadPlayers|keepInventory|logAdminCommands|maxCommandChainLength|maxEntityCramming|mobGriefing|naturalRegeneration|randomTickSpeed|reducedDebugInfo|sendCommandFeedback|showDeathMessages|spawnRadius|spectatorsGenerateChunks|universalAnger)
[20:54:32] [Server thread/INFO]: /give <targets> <item> [<count>]
[20:54:32] [Server thread/INFO]: /help [<command>]
[20:54:32] [Server thread/INFO]: /kick <targets> [<reason>]
[20:54:32] [Server thread/INFO]: /kill [<targets>]
[20:54:32] [Server thread/INFO]: /list [uuids]
[20:54:32] [Server thread/INFO]: /locate (bastion_remnant|buried_treasure|desert_pyramid|endcity|fortress|igloo|jungle_pyramid|mansion|mineshaft|monument|nether_fossil|ocean_ruin|pillager_outpost|ruined_portal|shipwreck|stronghold|swamp_hut|village)
[20:54:32] [Server thread/INFO]: /locatebiome <biome>
[20:54:32] [Server thread/INFO]: /loot (give|insert|replace|spawn)
[20:54:32] [Server thread/INFO]: /me <action>
[20:54:32] [Server thread/INFO]: /msg <targets> <message>
[20:54:32] [Server thread/INFO]: /op <targets>
[20:54:32] [Server thread/INFO]: /pardon <targets>
[20:54:32] [Server thread/INFO]: /pardon-ip <target>
[20:54:32] [Server thread/INFO]: /particle <name> [<pos>]
[20:54:32] [Server thread/INFO]: /playsound <sound> (ambient|block|hostile|master|music|neutral|player|record|voice|weather)
[20:54:32] [Server thread/INFO]: /recipe (give|take)
[20:54:32] [Server thread/INFO]: /reload
[20:54:32] [Server thread/INFO]: /replaceitem (block|entity)
[20:54:32] [Server thread/INFO]: /save-all [flush]
[20:54:32] [Server thread/INFO]: /save-off
[20:54:32] [Server thread/INFO]: /save-on
[20:54:32] [Server thread/INFO]: /say <message>
[20:54:32] [Server thread/INFO]: /schedule (clear|function)
[20:54:32] [Server thread/INFO]: /scoreboard (objectives|players)
[20:54:32] [Server thread/INFO]: /seed
[20:54:32] [Server thread/INFO]: /setblock <pos> <block> [destroy|keep|replace]
[20:54:32] [Server thread/INFO]: /setidletimeout <minutes>
[20:54:32] [Server thread/INFO]: /setworldspawn [<pos>]
[20:54:32] [Server thread/INFO]: /spawnpoint [<targets>]
[20:54:32] [Server thread/INFO]: /spectate [<target>]
[20:54:32] [Server thread/INFO]: /spreadplayers <center> <spreadDistance> <maxRange> (under|<respectTeams>)
[20:54:32] [Server thread/INFO]: /stop
[20:54:32] [Server thread/INFO]: /stopsound <targets> [*|ambient|block|hostile|master|music|neutral|player|record|voice|weather]
[20:54:32] [Server thread/INFO]: /summon <entity> [<pos>]
[20:54:32] [Server thread/INFO]: /tag <targets> (add|list|remove)
[20:54:32] [Server thread/INFO]: /team (add|empty|join|leave|list|modify|remove)
[20:54:32] [Server thread/INFO]: /teammsg <message>
[20:54:32] [Server thread/INFO]: /teleport (<destination>|<location>|<targets>)
[20:54:32] [Server thread/INFO]: /tell -> msg
[20:54:32] [Server thread/INFO]: /tellraw <targets> <message>
[20:54:32] [Server thread/INFO]: /time (add|query|set)
[20:54:32] [Server thread/INFO]: /title <targets> (actionbar|clear|reset|subtitle|times|title)
[20:54:32] [Server thread/INFO]: /tm -> teammsg
[20:54:32] [Server thread/INFO]: /tp -> teleport
[20:54:32] [Server thread/INFO]: /trigger <objective> [add|set]
[20:54:32] [Server thread/INFO]: /w -> msg
[20:54:32] [Server thread/INFO]: /weather (clear|rain|thunder)
[20:54:32] [Server thread/INFO]: /whitelist (add|list|off|on|reload|remove)
[20:54:32] [Server thread/INFO]: /worldborder (add|center|damage|get|set|warning)
[20:54:32] [Server thread/INFO]: /xp -> experience
[20:54:42] [Server thread/INFO]: <SpicyLarry> "paid server"
[20:54:45] [Server thread/INFO]: D1ssonant_ lost connection: Disconnected
[20:54:45] [Server thread/INFO]: D1ssonant_ left the game
[20:55:21] [Server thread/INFO]: <Serdnas> ok ima get off the server but ill stay on discord
[20:55:23] [Server thread/INFO]: Serdnas lost connection: Disconnected
[20:55:23] [Server thread/INFO]: Serdnas left the game
[20:59:38] [Server thread/INFO]: Villager bfg['Villager'/96994, l='ServerLevel[world]', x=-653.70, y=94.00, z=-450.30] died, message: 'Villager was slain by Zombie'
[21:04:55] [Server thread/INFO]: <SpicyLarry> oh shit big moist
[21:05:14] [Server thread/INFO]: <SpicyLarry> god dam
[21:05:24] [Server thread/INFO]: <SpicyLarry> biggest crossover in history
[21:07:22] [Server thread/INFO]: <SpicyLarry> lol no
[21:07:25] [Server thread/INFO]: <SpicyLarry> dont do it
[21:07:33] [Server thread/INFO]: SCSpider08 has made the advancement [Enchanter]
[21:07:37] [Server thread/INFO]: <SpicyLarry> patrick
[21:07:40] [Server thread/INFO]: <SpicyLarry> have u been playing
[21:07:52] [Server thread/INFO]: <SpicyLarry> like
[21:07:55] [Server thread/INFO]: <SpicyLarry> are you having fun
[21:08:06] [Server thread/INFO]: <SCSpider08> im digging
[21:08:08] [Server thread/INFO]: <SpicyLarry> god
[21:08:09] [Server thread/INFO]: <SpicyLarry> kys
[21:08:13] [Server thread/INFO]: <SpicyLarry> lmao
[21:08:19] [Server thread/INFO]: <SpicyLarry> ok good
[21:18:00] [Server thread/INFO]: <SpicyLarry> oh shit
[21:18:02] [Server thread/INFO]: <SCSpider08> i am the coal master
[21:18:11] [Server thread/INFO]: <SpicyLarry> i found
[21:18:13] [Server thread/INFO]: <SpicyLarry> the mineshaft
[21:18:19] [Server thread/INFO]: <SpicyLarry> that we went in
[21:18:23] [Server thread/INFO]: <SpicyLarry> yes
[21:18:24] [Server thread/INFO]: <SpicyLarry> yes
[21:18:29] [Server thread/INFO]: <SpicyLarry> YES
[21:18:38] [Server thread/INFO]: <SpicyLarry> i wasnt that far away
[21:19:03] [Server thread/INFO]: <SpicyLarry> .
[21:19:16] [Server thread/INFO]: <SpicyLarry> now to navigate the maze that is the mineshaft
[21:19:54] [Server thread/INFO]: <SpicyLarry> ye
[21:21:27] [Server thread/INFO]: <SCSpider08> gonna get off and watch the stream. gonna get my actual mic
[21:21:32] [Server thread/INFO]: <SpicyLarry> nice
[21:21:37] [Server thread/INFO]: SCSpider08 lost connection: Disconnected
[21:21:37] [Server thread/INFO]: SCSpider08 left the game
[21:33:10] [Server thread/INFO]: <SpicyLarry> beautiful
[21:33:41] [Server thread/INFO]: <SpicyLarry> :O
[21:33:48] [Server thread/INFO]: <SpicyLarry> wow
[21:33:57] [Server thread/INFO]: <SpicyLarry> i probly will
[21:34:04] [Server thread/INFO]: <SpicyLarry> sweet
[21:34:08] [Server thread/INFO]: <SpicyLarry> got a piston
[21:34:34] [Server thread/INFO]: <SpicyLarry> gonna get off soon too
[21:34:58] [Server thread/INFO]: Burke57 lost connection: Disconnected
[21:34:58] [Server thread/INFO]: Burke57 left the game
[21:50:18] [Server thread/INFO]: SpicyLarry lost connection: Disconnected
[21:50:18] [Server thread/INFO]: SpicyLarry left the game
[22:04:20] [Server thread/INFO]: Saving the game (this may take a moment!)
[22:04:21] [Server thread/INFO]: Saved the game
[23:14:54] [Server thread/INFO]: Saving the game (this may take a moment!)
[23:14:54] [Server thread/INFO]: Saved the game
[23:14:57] [Server thread/INFO]: Stopping server
[23:14:57] [Server thread/INFO]: Saving players
[23:14:57] [Server thread/INFO]: Saving worlds
[23:14:57] [Server thread/INFO]: Saving chunks for level 'ServerLevel[world]'/minecraft:overworld
[23:14:58] [Server thread/INFO]: ThreadedAnvilChunkStorage (world): All chunks are saved
[23:14:58] [Server thread/INFO]: Saving chunks for level 'ServerLevel[world]'/minecraft:the_nether
[23:14:58] [Server thread/INFO]: ThreadedAnvilChunkStorage (DIM-1): All chunks are saved
[23:14:58] [Server thread/INFO]: Saving chunks for level 'ServerLevel[world]'/minecraft:the_end
[23:14:58] [Server thread/INFO]: ThreadedAnvilChunkStorage (DIM1): All chunks are saved
[23:14:58] [Server thread/INFO]: ThreadedAnvilChunkStorage (world): All chunks are saved
[23:14:58] [Server thread/INFO]: ThreadedAnvilChunkStorage (DIM-1): All chunks are saved
[23:14:58] [Server thread/INFO]: ThreadedAnvilChunkStorage (DIM1): All chunks are saved
